# JRE version: Java(TM) SE Runtime Environment (8.0_31-b13) (build 1.8.0_31-b13)
# Java VM: Java HotSpot(TM) 64-Bit Server VM (25.31-b07 mixed mode bsd-amd64 compressed oops)
Heap:
 PSYoungGen      total 158720K, used 14563K [0x00000007aab00000, 0x00000007b5f80000, 0x00000007c0000000)
  eden space 137728K, 10% used [0x00000007aab00000,0x00000007ab938d80,0x00000007b3180000)
  from space 20992K, 0% used [0x00000007b3180000,0x00000007b3180000,0x00000007b4600000)
  to   space 22528K, 0% used [0x00000007b4980000,0x00000007b4980000,0x00000007b5f80000)
 ParOldGen       total 76800K, used 44341K [0x0000000780000000, 0x0000000784b00000, 0x00000007aab00000)
  object space 76800K, 57% used [0x0000000780000000,0x0000000782b4d568,0x0000000784b00000)
 Metaspace       used 46719K, capacity 48208K, committed 48512K, reserved 1091584K
  class space    used 6420K, capacity 7012K, committed 7040K, reserved 1048576K
GC Heap History (10 events):
Event: 9.271 GC heap before
{Heap before GC invocations=12 (full 2):
 PSYoungGen      total 124928K, used 6635K [0x00000007aab00000, 0x00000007b5980000, 0x00000007c0000000)
  eden space 118272K, 0% used [0x00000007aab00000,0x00000007aab00000,0x00000007b1e80000)
  from space 6656K, 99% used [0x00000007b2d80000,0x00000007b33faf70,0x00000007b3400000)
  to   space 15360K, 0% used [0x00000007b1e80000,0x00000007b1e80000,0x00000007b2d80000)
 ParOldGen       total 40960K, used 29098K [0x0000000780000000, 0x0000000782800000, 0x00000007aab00000)
  object space 40960K, 71% used [0x0000000780000000,0x0000000781c6aa98,0x0000000782800000)
 Metaspace       used 34315K, capacity 35338K, committed 35416K, reserved 1079296K
  class space    used 4750K, capacity 5106K, committed 5120K, reserved 1048576K
Event: 9.438 GC heap after
Heap after GC invocations=12 (full 2):
 PSYoungGen      total 124928K, used 0K [0x00000007aab00000, 0x00000007b5980000, 0x00000007c0000000)
  eden space 118272K, 0% used [0x00000007aab00000,0x00000007aab00000,0x00000007b1e80000)
  from space 6656K, 0% used [0x00000007b2d80000,0x00000007b2d80000,0x00000007b3400000)
  to   space 15360K, 0% used [0x00000007b1e80000,0x00000007b1e80000,0x00000007b2d80000)
 ParOldGen       total 76800K, used 27143K [0x0000000780000000, 0x0000000784b00000, 0x00000007aab00000)
  object space 76800K, 35% used [0x0000000780000000,0x0000000781a81cd8,0x0000000784b00000)
 Metaspace       used 34315K, capacity 35338K, committed 35416K, reserved 1079296K
  class space    used 4750K, capacity 5106K, committed 5120K, reserved 1048576K
}
Event: 12.784 GC heap before
{Heap before GC invocations=13 (full 2):
 PSYoungGen      total 124928K, used 118272K [0x00000007aab00000, 0x00000007b5980000, 0x00000007c0000000)
  eden space 118272K, 100% used [0x00000007aab00000,0x00000007b1e80000,0x00000007b1e80000)
  from space 6656K, 0% used [0x00000007b2d80000,0x00000007b2d80000,0x00000007b3400000)
  to   space 15360K, 0% used [0x00000007b1e80000,0x00000007b1e80000,0x00000007b2d80000)
 ParOldGen       total 76800K, used 27143K [0x0000000780000000, 0x0000000784b00000, 0x00000007aab00000)
  object space 76800K, 35% used [0x0000000780000000,0x0000000781a81cd8,0x0000000784b00000)
 Metaspace       used 37767K, capacity 38922K, committed 39040K, reserved 1083392K
  class space    used 5291K, capacity 5752K, committed 5760K, reserved 1048576K
Event: 12.800 GC heap after
Heap after GC invocations=13 (full 2):
 PSYoungGen      total 133632K, used 11318K [0x00000007aab00000, 0x00000007b5580000, 0x00000007c0000000)
  eden space 118272K, 0% used [0x00000007aab00000,0x00000007aab00000,0x00000007b1e80000)
  from space 15360K, 73% used [0x00000007b1e80000,0x00000007b298da88,0x00000007b2d80000)
  to   space 15872K, 0% used [0x00000007b4600000,0x00000007b4600000,0x00000007b5580000)
 ParOldGen       total 76800K, used 27151K [0x0000000780000000, 0x0000000784b00000, 0x00000007aab00000)
  object space 76800K, 35% used [0x0000000780000000,0x0000000781a83cd8,0x0000000784b00000)
 Metaspace       used 37767K, capacity 38922K, committed 39040K, reserved 1083392K
  class space    used 5291K, capacity 5752K, committed 5760K, reserved 1048576K
}
Event: 21.152 GC heap before
{Heap before GC invocations=14 (full 2):
 PSYoungGen      total 133632K, used 129590K [0x00000007aab00000, 0x00000007b5580000, 0x00000007c0000000)
  eden space 118272K, 100% used [0x00000007aab00000,0x00000007b1e80000,0x00000007b1e80000)
  from space 15360K, 73% used [0x00000007b1e80000,0x00000007b298da88,0x00000007b2d80000)
  to   space 15872K, 0% used [0x00000007b4600000,0x00000007b4600000,0x00000007b5580000)
 ParOldGen       total 76800K, used 27151K [0x0000000780000000, 0x0000000784b00000, 0x00000007aab00000)
  object space 76800K, 35% used [0x0000000780000000,0x0000000781a83cd8,0x0000000784b00000)
 Metaspace       used 45648K, capacity 47130K, committed 47360K, reserved 1089536K
  class space    used 6269K, capacity 6873K, committed 6912K, reserved 1048576K
Event: 21.185 GC heap after
Heap after GC invocations=14 (full 2):
 PSYoungGen      total 153600K, used 15871K [0x00000007aab00000, 0x00000007b5c80000, 0x00000007c0000000)
  eden space 137728K, 0% used [0x00000007aab00000,0x00000007aab00000,0x00000007b3180000)
  from space 15872K, 99% used [0x00000007b4600000,0x00000007b557ff18,0x00000007b5580000)
  to   space 20992K, 0% used [0x00000007b3180000,0x00000007b3180000,0x00000007b4600000)
 ParOldGen       total 76800K, used 33880K [0x0000000780000000, 0x0000000784b00000, 0x00000007aab00000)
  object space 76800K, 44% used [0x0000000780000000,0x00000007821163c8,0x0000000784b00000)
 Metaspace       used 45648K, capacity 47130K, committed 47360K, reserved 1089536K
  class space    used 6269K, capacity 6873K, committed 6912K, reserved 1048576K
}
Event: 22.518 GC heap before
{Heap before GC invocations=15 (full 2):
 PSYoungGen      total 153600K, used 42513K [0x00000007aab00000, 0x00000007b5c80000, 0x00000007c0000000)
  eden space 137728K, 19% used [0x00000007aab00000,0x00000007ac5044e8,0x00000007b3180000)
  from space 15872K, 99% used [0x00000007b4600000,0x00000007b557ff18,0x00000007b5580000)
  to   space 20992K, 0% used [0x00000007b3180000,0x00000007b3180000,0x00000007b4600000)
 ParOldGen       total 76800K, used 33880K [0x0000000780000000, 0x0000000784b00000, 0x00000007aab00000)
  object space 76800K, 44% used [0x0000000780000000,0x00000007821163c8,0x0000000784b00000)
 Metaspace       used 46635K, capacity 48096K, committed 48256K, reserved 1091584K
  class space    used 6415K, capacity 7003K, committed 7040K, reserved 1048576K
Event: 22.540 GC heap after
Heap after GC invocations=15 (full 2):
 PSYoungGen      total 158720K, used 16863K [0x00000007aab00000, 0x00000007b5f80000, 0x00000007c0000000)
  eden space 137728K, 0% used [0x00000007aab00000,0x00000007aab00000,0x00000007b3180000)
  from space 20992K, 80% used [0x00000007b3180000,0x00000007b41f7da8,0x00000007b4600000)
  to   space 22528K, 0% used [0x00000007b4980000,0x00000007b4980000,0x00000007b5f80000)
 ParOldGen       total 76800K, used 33888K [0x0000000780000000, 0x0000000784b00000, 0x00000007aab00000)
  object space 76800K, 44% used [0x0000000780000000,0x00000007821183c8,0x0000000784b00000)
 Metaspace       used 46635K, capacity 48096K, committed 48256K, reserved 1091584K
  class space    used 6415K, capacity 7003K, committed 7040K, reserved 1048576K
}
Event: 22.540 GC heap before
{Heap before GC invocations=16 (full 3):
 PSYoungGen      total 158720K, used 16863K [0x00000007aab00000, 0x00000007b5f80000, 0x00000007c0000000)
  eden space 137728K, 0% used [0x00000007aab00000,0x00000007aab00000,0x00000007b3180000)
  from space 20992K, 80% used [0x00000007b3180000,0x00000007b41f7da8,0x00000007b4600000)
  to   space 22528K, 0% used [0x00000007b4980000,0x00000007b4980000,0x00000007b5f80000)
 ParOldGen       total 76800K, used 33888K [0x0000000780000000, 0x0000000784b00000, 0x00000007aab00000)
  object space 76800K, 44% used [0x0000000780000000,0x00000007821183c8,0x0000000784b00000)
 Metaspace       used 46635K, capacity 48096K, committed 48256K, reserved 1091584K
  class space    used 6415K, capacity 7003K, committed 7040K, reserved 1048576K
Event: 22.914 GC heap after
Heap after GC invocations=16 (full 3):
 PSYoungGen      total 158720K, used 0K [0x00000007aab00000, 0x00000007b5f80000, 0x00000007c0000000)
  eden space 137728K, 0% used [0x00000007aab00000,0x00000007aab00000,0x00000007b3180000)
  from space 20992K, 0% used [0x00000007b3180000,0x00000007b3180000,0x00000007b4600000)
  to   space 22528K, 0% used [0x00000007b4980000,0x00000007b4980000,0x00000007b5f80000)
 ParOldGen       total 76800K, used 44341K [0x0000000780000000, 0x0000000784b00000, 0x00000007aab00000)
  object space 76800K, 57% used [0x0000000780000000,0x0000000782b4d568,0x0000000784b00000)
 Metaspace       used 46635K, capacity 48096K, committed 48256K, reserved 1091584K
  class space    used 6415K, capacity 7003K, committed 7040K, reserved 1048576K
}

